Copyright 1986-2020 Xilinx, Inc. All Rights Reserved.
-------------------------------------------------------------------------------------------
| Tool Version : Vivado v.2020.1 (win64) Build 2902540 Wed May 27 19:54:49 MDT 2020
| Date         : Thu Dec 12 17:36:41 2024
| Host         : Amn-Naqvi running 64-bit major release  (build 9200)
| Command      : report_control_sets -verbose -file TopLevelModule_control_sets_placed.rpt
| Design       : TopLevelModule
| Device       : xc7a35t
-------------------------------------------------------------------------------------------

Control Set Information

Table of Contents
-----------------
1. Summary
2. Histogram
3. Flip-Flop Distribution
4. Detailed Control Set Information

1. Summary
----------

+----------------------------------------------------------+-------+
|                          Status                          | Count |
+----------------------------------------------------------+-------+
| Total control sets                                       |    77 |
|    Minimum number of control sets                        |    77 |
|    Addition due to synthesis replication                 |     0 |
|    Addition due to physical synthesis replication        |     0 |
| Unused register locations in slices containing registers |   335 |
+----------------------------------------------------------+-------+
* Control sets can be merged at opt_design using control_set_merge or merge_equivalent_drivers
** Run report_qor_suggestions for automated merging and remapping suggestions


2. Histogram
------------

+--------------------+-------+
|       Fanout       | Count |
+--------------------+-------+
| Total control sets |    77 |
| >= 0 to < 4        |    13 |
| >= 4 to < 6        |     4 |
| >= 6 to < 8        |     8 |
| >= 8 to < 10       |    14 |
| >= 10 to < 12      |    25 |
| >= 12 to < 14      |     3 |
| >= 14 to < 16      |     0 |
| >= 16              |    10 |
+--------------------+-------+
* Control sets can be remapped at either synth_design or opt_design


3. Flip-Flop Distribution
-------------------------

+--------------+-----------------------+------------------------+-----------------+--------------+
| Clock Enable | Synchronous Set/Reset | Asynchronous Set/Reset | Total Registers | Total Slices |
+--------------+-----------------------+------------------------+-----------------+--------------+
| No           | No                    | No                     |              63 |           32 |
| No           | No                    | Yes                    |              25 |           11 |
| No           | Yes                   | No                     |             182 |           89 |
| Yes          | No                    | No                     |             148 |           61 |
| Yes          | No                    | Yes                    |              23 |            7 |
| Yes          | Yes                   | No                     |             328 |          127 |
+--------------+-----------------------+------------------------+-----------------+--------------+


4. Detailed Control Set Information
-----------------------------------

+----------------------------------------------------------+-------------------------------------------+----------------------------------------------------+------------------+----------------+--------------+
|                       Clock Signal                       |               Enable Signal               |                  Set/Reset Signal                  | Slice Load Count | Bel Load Count | Bels / Slice |
+----------------------------------------------------------+-------------------------------------------+----------------------------------------------------+------------------+----------------+--------------+
|  horizontalCounter/current_alien_row_reg[1]_i_13_0[1]    |                                           | horizontalCounter/AS[0]                            |                1 |              1 |         1.00 |
|  h_count_reg[9]_i_3__0_n_0                               |                                           |                                                    |                1 |              1 |         1.00 |
|  horizontalCounter/current_alien_row_reg[1]_i_13_0[0]    |                                           | horizontalCounter/rel_x1132_out                    |                1 |              1 |         1.00 |
|  level2Win/clkDivider/clk_d_reg_0                        |                                           |                                                    |                1 |              1 |         1.00 |
|  loseScreen/clkDivider/I125                              |                                           |                                                    |                1 |              1 |         1.00 |
|  h_count_reg[9]_i_3_n_0                                  |                                           |                                                    |                1 |              1 |         1.00 |
|  horizontalCounter/current_alien_row_reg[1]_i_14__0_1[0] |                                           | horizontalCounter/rel_x1112_out                    |                1 |              2 |         2.00 |
|  clk_d_BUFG                                              | alienCtrl_Level1/alien_y[0][3][7]_i_1_n_0 | alienCtrl_Level1/alien_y[0][3][3]_i_1_n_0          |                2 |              2 |         1.00 |
|  clk_d_BUFG                                              | alienCtrl_Level1/alien_y[3][3][7]_i_1_n_0 | alienCtrl_Level1/alien_y[3][3][3]_i_1_n_0          |                2 |              2 |         1.00 |
|  clk_d_BUFG                                              | alienCtrl_Level1/alien_y[0][1][7]_i_1_n_0 | alienCtrl_Level1/alien_y[0][1][3]_i_1__0_n_0       |                2 |              3 |         1.50 |
|  clk_d_BUFG                                              | alienCtrl_Level1/alien_y[1][3][7]_i_1_n_0 | alienCtrl_Level1/alien_y[1][3][4]_i_1_n_0          |                2 |              3 |         1.50 |
|  clk_d_BUFG                                              |                                           | reset_IBUF                                         |                1 |              3 |         3.00 |
|  clk_d_BUFG                                              | alienCtrl_Level1/alien_y[3][2][7]_i_1_n_0 | alienCtrl_Level1/alien_y[3][2][3]_i_1__0_n_0       |                2 |              3 |         1.50 |
|  clk_IBUF_BUFG                                           | k1/ps2_receiver/n_next                    | reset_IBUF                                         |                2 |              4 |         2.00 |
|  clk_d_BUFG                                              | alienCtrl_Level1/alien_y[0][0][4]_i_2_n_0 | alienCtrl_Level1/alien_y[0][0][4]_i_1_n_0          |                2 |              4 |         2.00 |
|  clk_d_BUFG                                              | alienCtrl_Level1/alien_y[3][2][7]_i_1_n_0 |                                                    |                2 |              5 |         2.50 |
|  clk_d_BUFG                                              | alienCtrl_Level1/alien_y[0][1][7]_i_1_n_0 |                                                    |                2 |              5 |         2.50 |
|  clk_d_BUFG                                              | alienCtrl_Level1/alien_y[1][3][7]_i_1_n_0 |                                                    |                3 |              6 |         2.00 |
|  clk_d_BUFG                                              | alienCtrl_Level1/alien_y[3][3][7]_i_1_n_0 |                                                    |                3 |              7 |         2.33 |
|  clk_d_BUFG                                              | alienCtrl_Level1/alien_y[2][0][6]_i_1_n_0 |                                                    |                3 |              7 |         2.33 |
|  clk_d_BUFG                                              | alienCtrl_Level1/alien_y[0][3][7]_i_1_n_0 |                                                    |                3 |              7 |         2.33 |
|  clk_d_BUFG                                              | alienCtrl_Level1/alien_y[1][0][6]_i_1_n_0 |                                                    |                5 |              7 |         1.40 |
|  clk_d_BUFG                                              | alienCtrl_Level1/alien_y[3][0][6]_i_1_n_0 |                                                    |                3 |              7 |         2.33 |
|  clk_d_BUFG                                              | alienCtrl_Level1/alien_y[4][0][6]_i_1_n_0 |                                                    |                3 |              7 |         2.33 |
|  score_rom/data_reg[7]_i_2_n_0                           |                                           |                                                    |                5 |              7 |         1.40 |
|  clk_d_BUFG                                              | alienCtrl_Level1/alien_y[0][2][7]_i_1_n_0 |                                                    |                3 |              8 |         2.67 |
|  clk_d_BUFG                                              | alienCtrl_Level1/alien_y[1][1][7]_i_1_n_0 |                                                    |                3 |              8 |         2.67 |
|  clk_d_BUFG                                              | alienCtrl_Level1/alien_y[4][1][7]_i_1_n_0 |                                                    |                3 |              8 |         2.67 |
|  clk_d_BUFG                                              | alienCtrl_Level1/alien_y[4][2][7]_i_1_n_0 |                                                    |                3 |              8 |         2.67 |
|  clk_d_BUFG                                              | alienCtrl_Level1/alien_y[2][1][7]_i_1_n_0 |                                                    |                3 |              8 |         2.67 |
|  clk_d_BUFG                                              | alienCtrl_Level1/alien_y[2][2][7]_i_1_n_0 |                                                    |                3 |              8 |         2.67 |
|  clk_d_BUFG                                              | tankCtrl/tank_x[9]_i_1_n_0                |                                                    |                3 |              8 |         2.67 |
|  clk_d_BUFG                                              | gameStateMachine/E[0]                     | reset_IBUF                                         |                3 |              8 |         2.67 |
|  clk_d_BUFG                                              | alienCtrl_Level1/alien_y[3][1][7]_i_1_n_0 |                                                    |                3 |              8 |         2.67 |
|  clk_d_BUFG                                              | alienCtrl_Level1/alien_y[1][2][7]_i_1_n_0 |                                                    |                4 |              8 |         2.00 |
|  clk_IBUF_BUFG                                           | k1/ps2_receiver/rx_done_tick              | reset_IBUF                                         |                3 |              9 |         3.00 |
|  clk_d_BUFG                                              | alienCtrl_Level1/alien_y[4][3][8]_i_1_n_0 |                                                    |                4 |              9 |         2.25 |
|  clk_d_BUFG                                              | alienCtrl_Level1/alien_y[2][3][8]_i_1_n_0 |                                                    |                2 |              9 |         4.50 |
|  clk_d_BUFG                                              | bulletCtrl/bullet_x[9]_i_1_n_0            | reset_IBUF                                         |                5 |              9 |         1.80 |
|  clk_IBUF_BUFG                                           | k1/ps2_receiver/b_next                    | reset_IBUF                                         |                2 |             10 |         5.00 |
|  h_count_reg[9]_i_3__0_n_0                               |                                           | level1Win/horizontalCounter/h_count[9]_i_1__0_n_0  |                6 |             10 |         1.67 |
|  clk_d_BUFG                                              | alienCtrl_Level2/alien_y[1][1][9]_i_2_n_0 | alienCtrl_Level2/alien_y[1][1][9]_i_1_n_0          |                3 |             10 |         3.33 |
|  clk_d_BUFG                                              |                                           | horizontalCounter/h_count[9]_i_1__3_n_0            |                3 |             10 |         3.33 |
|  clk_d_BUFG                                              | alienCtrl_Level2/alien_y                  | alienCtrl_Level2/alien_y[0][0][9]_i_1_n_0          |                3 |             10 |         3.33 |
|  clk_d_BUFG                                              | alienCtrl_Level2/alien_y[0][1][9]_i_2_n_0 | alienCtrl_Level2/alien_y[0][1][9]_i_1_n_0          |                3 |             10 |         3.33 |
|  clk_d_BUFG                                              | alienCtrl_Level2/alien_y[1][0][9]_i_2_n_0 | alienCtrl_Level2/alien_y[1][0][9]_i_1_n_0          |                3 |             10 |         3.33 |
|  clk_d_BUFG                                              | alienCtrl_Level2/alien_y[0][2][9]_i_2_n_0 | alienCtrl_Level2/alien_y[0][2][9]_i_1_n_0          |                4 |             10 |         2.50 |
|  clk_d_BUFG                                              | alienCtrl_Level2/alien_y[4][0][9]_i_2_n_0 | alienCtrl_Level2/alien_y[4][0][9]_i_1_n_0          |                4 |             10 |         2.50 |
|  clk_d_BUFG                                              | alienCtrl_Level2/alien_y[2][0][9]_i_2_n_0 | alienCtrl_Level2/alien_y[2][0][9]_i_1_n_0          |                4 |             10 |         2.50 |
|  clk_d_BUFG                                              | alienCtrl_Level2/alien_y[1][2][9]_i_2_n_0 | alienCtrl_Level2/alien_y[1][2][9]_i_1_n_0          |                4 |             10 |         2.50 |
|  clk_d_BUFG                                              | alienCtrl_Level2/alien_y[3][1][9]_i_2_n_0 | alienCtrl_Level2/alien_y[3][1][9]_i_1_n_0          |                3 |             10 |         3.33 |
|  level2Win/clkDivider/clk_d_reg_0                        |                                           | level2Win/horizontalCounter/h_count[9]_i_1__1_n_0  |                5 |             10 |         2.00 |
|  clk_d_BUFG                                              | alienCtrl_Level2/alien_y[3][0][9]_i_2_n_0 | alienCtrl_Level2/alien_y[3][0][9]_i_1_n_0          |                4 |             10 |         2.50 |
|  clk_d_BUFG                                              | alienCtrl_Level2/alien_y[2][2][9]_i_2_n_0 | alienCtrl_Level2/alien_y[2][2][9]_i_1_n_0          |                4 |             10 |         2.50 |
|  clk_d_BUFG                                              | alienCtrl_Level2/alien_y[4][1][9]_i_2_n_0 | alienCtrl_Level2/alien_y[4][1][9]_i_1_n_0          |                3 |             10 |         3.33 |
|  clk_d_BUFG                                              | alienCtrl_Level2/alien_y[2][1][9]_i_2_n_0 | alienCtrl_Level2/alien_y[2][1][9]_i_1_n_0          |                2 |             10 |         5.00 |
|  clk_d_BUFG                                              | alienCtrl_Level2/alien_y[4][2][9]_i_2_n_0 | alienCtrl_Level2/alien_y[4][2][9]_i_1_n_0          |                4 |             10 |         2.50 |
|  clk_d_BUFG                                              | alienCtrl_Level2/alien_y[3][2][9]_i_2_n_0 | alienCtrl_Level2/alien_y[3][2][9]_i_1_n_0          |                4 |             10 |         2.50 |
|  clk_d_BUFG                                              | bulletCtrl/bullet_y[9]_i_1_n_0            | reset_IBUF                                         |                6 |             10 |         1.67 |
|  h_count_reg[9]_i_3_n_0                                  |                                           | startScreen/horizontalCounter/h_count[9]_i_1_n_0   |                3 |             10 |         3.33 |
|  clk_d_BUFG                                              | horizontalCounter/E[0]                    | verticalCounter/v_count[9]_i_1__3_n_0              |                4 |             10 |         2.50 |
|  loseScreen/clkDivider/I125                              | loseScreen/horizontalCounter/E[0]         | loseScreen/verticalCounter/v_count[9]_i_1__2_n_0   |                4 |             10 |         2.50 |
|  clk_d_BUFG                                              |                                           |                                                    |                6 |             10 |         1.67 |
|  loseScreen/clkDivider/I125                              |                                           | loseScreen/horizontalCounter/h_count[9]_i_1__2_n_0 |                5 |             10 |         2.00 |
| ~horizontalCounter/current_alien_row_reg[1]_i_14__0_0    |                                           |                                                    |                6 |             12 |         2.00 |
|  horizontalCounter/current_alien_col_reg[2]_i_4_0[0]     |                                           |                                                    |                4 |             12 |         3.00 |
|  clk_d_BUFG                                              |                                           | verticalCounter/SR[0]                              |                5 |             12 |         2.40 |
|  level2Win/clkDivider/clk_d_reg_0                        | level2Win/horizontalCounter/trig_v        | level2Win/verticalCounter/v_count[9]_i_1__1_n_0    |                5 |             17 |         3.40 |
|  clk_IBUF_BUFG                                           |                                           |                                                    |                7 |             18 |         2.57 |
|  clk_d_BUFG                                              |                                           | gameStateMachine/level_reset_reg_0                 |                5 |             20 |         4.00 |
|  clk_d_BUFG                                              |                                           | alienCtrl_Level1/move_counter[0]_i_1__1_n_0        |                5 |             20 |         4.00 |
|  clk_d_BUFG                                              |                                           | tankCtrl/move_counter[0]_i_1__0_n_0                |                6 |             21 |         3.50 |
|  h_count_reg[9]_i_3__0_n_0                               | level1Win/horizontalCounter/trig_v        | level1Win/verticalCounter/v_count[9]_i_1__0_n_0    |                9 |             21 |         2.33 |
|  clk_IBUF_BUFG                                           |                                           | reset_IBUF                                         |               10 |             22 |         2.20 |
|  h_count_reg[9]_i_3_n_0                                  | startScreen/horizontalCounter/trig_v      | startScreen/verticalCounter/v_count[9]_i_1_n_0     |               15 |             34 |         2.27 |
|  clk_d_BUFG                                              | bulletCtrl/shot_cooldown[20]_i_1_n_0      | reset_IBUF                                         |               12 |             42 |         3.50 |
|  clk_d_BUFG                                              |                                           | gameStateMachine/level_reset_reg_1                 |               43 |             55 |         1.28 |
+----------------------------------------------------------+-------------------------------------------+----------------------------------------------------+------------------+----------------+--------------+


