#-----------------------------------------------------------
# Vivado v2020.1 (64-bit)
# SW Build 2902540 on Wed May 27 19:54:49 MDT 2020
# IP Build 2902112 on Wed May 27 22:43:36 MDT 2020
# Start of session at: Tue Nov 19 18:57:53 2024
# Process ID: 26904
# Current directory: C:/Users/Amn Naqvi/Desktop/joystick
# Command line: vivado.exe -gui_launcher_event rodinguilauncherevent45712 C:\Users\Amn Naqvi\Desktop\joystick\joystick.xpr
# Log file: C:/Users/Amn Naqvi/Desktop/joystick/vivado.log
# Journal file: C:/Users/Amn Naqvi/Desktop/joystick\vivado.jou
#-----------------------------------------------------------
start_gui
open_project {C:/Users/Amn Naqvi/Desktop/joystick/joystick.xpr}
Scanning sources...
Finished scanning sources
INFO: [IP_Flow 19-234] Refreshing IP repositories
INFO: [IP_Flow 19-1704] No user IP repositories specified
INFO: [IP_Flow 19-2313] Loaded Vivado IP repository 'C:/Xilinx/Vivado/2020.1/data/ip'.
open_project: Time (s): cpu = 00:00:04 ; elapsed = 00:00:06 . Memory (MB): peak = 1222.465 ; gain = 0.000
update_compile_order -fileset sources_1
update_compile_order -fileset sources_1
update_compile_order -fileset sources_1
update_compile_order -fileset sources_1
update_compile_order -fileset sources_1
reset_run synth_1
launch_runs synth_1 -jobs 6
[Tue Nov 19 19:06:59 2024] Launched synth_1...
Run output will be captured here: C:/Users/Amn Naqvi/Desktop/joystick/joystick.runs/synth_1/runme.log
reset_run synth_1
WARNING: [Vivado 12-1017] Problems encountered:
1. Failed to delete one or more files in run directory C:/Users/Amn Naqvi/Desktop/joystick/joystick.runs/synth_1

launch_runs synth_1 -jobs 6
[Tue Nov 19 19:10:18 2024] Launched synth_1...
Run output will be captured here: C:/Users/Amn Naqvi/Desktop/joystick/joystick.runs/synth_1/runme.log
launch_runs impl_1 -jobs 6
[Tue Nov 19 19:11:31 2024] Launched impl_1...
Run output will be captured here: C:/Users/Amn Naqvi/Desktop/joystick/joystick.runs/impl_1/runme.log
launch_runs impl_1 -to_step write_bitstream -jobs 6
[Tue Nov 19 19:12:48 2024] Launched impl_1...
Run output will be captured here: C:/Users/Amn Naqvi/Desktop/joystick/joystick.runs/impl_1/runme.log
reset_run synth_1
launch_runs synth_1 -jobs 6
[Tue Nov 19 19:23:00 2024] Launched synth_1...
Run output will be captured here: C:/Users/Amn Naqvi/Desktop/joystick/joystick.runs/synth_1/runme.log
launch_runs impl_1 -jobs 6
[Tue Nov 19 19:23:58 2024] Launched impl_1...
Run output will be captured here: C:/Users/Amn Naqvi/Desktop/joystick/joystick.runs/impl_1/runme.log
launch_runs impl_1 -to_step write_bitstream -jobs 6
[Tue Nov 19 19:25:12 2024] Launched impl_1...
Run output will be captured here: C:/Users/Amn Naqvi/Desktop/joystick/joystick.runs/impl_1/runme.log
open_hw_manager
connect_hw_server -allow_non_jtag
INFO: [Labtools 27-2285] Connecting to hw_server url TCP:localhost:3121
INFO: [Labtools 27-2222] Launching hw_server...
INFO: [Labtools 27-2221] Launch Output:

****** Xilinx hw_server v2020.1
  **** Build date : May 27 2020 at 20:24:38
    ** Copyright 1986-2020 Xilinx, Inc. All Rights Reserved.


INFO: [Labtools 27-3415] Connecting to cs_server url TCP:localhost:3042
INFO: [Labtools 27-3417] Launching cs_server...
INFO: [Labtools 27-2221] Launch Output:


****** Xilinx cs_server v2020.1.0
  **** Build date : May 14 2020-06:10:29
    ** Copyright 2017-2020 Xilinx, Inc. All Rights Reserved.



connect_hw_server: Time (s): cpu = 00:00:01 ; elapsed = 00:00:10 . Memory (MB): peak = 1222.465 ; gain = 0.000
open_hw_target
INFO: [Labtoolstcl 44-466] Opening hw_target localhost:3121/xilinx_tcf/Digilent/210183AF305FA
open_hw_target: Time (s): cpu = 00:00:05 ; elapsed = 00:00:07 . Memory (MB): peak = 2225.863 ; gain = 1003.398
set_property PROGRAM.FILE {C:/Users/Amn Naqvi/Desktop/joystick/joystick.runs/impl_1/XADCdemo.bit} [get_hw_devices xc7a35t_0]
current_hw_device [get_hw_devices xc7a35t_0]
refresh_hw_device -update_hw_probes false [lindex [get_hw_devices xc7a35t_0] 0]
INFO: [Labtools 27-1434] Device xc7a35t (JTAG device index = 0) is programmed with a design that has no supported debug core(s) in it.
set_property PROBES.FILE {} [get_hw_devices xc7a35t_0]
set_property FULL_PROBES.FILE {} [get_hw_devices xc7a35t_0]
set_property PROGRAM.FILE {C:/Users/Amn Naqvi/Desktop/joystick/joystick.runs/impl_1/XADCdemo.bit} [get_hw_devices xc7a35t_0]
program_hw_devices [get_hw_devices xc7a35t_0]
INFO: [Labtools 27-3164] End of startup status: HIGH
refresh_hw_device [lindex [get_hw_devices xc7a35t_0] 0]
INFO: [Labtools 27-1434] Device xc7a35t (JTAG device index = 0) is programmed with a design that has no supported debug core(s) in it.
ERROR: [Labtoolstcl 44-513] HW Target shutdown. Closing target: localhost:3121/xilinx_tcf/Digilent/210183AF305FA
exit
INFO: [Common 17-206] Exiting Vivado at Tue Nov 19 19:44:39 2024...
