#-----------------------------------------------------------
# Vivado v2020.1 (64-bit)
# SW Build 2902540 on Wed May 27 19:54:49 MDT 2020
# IP Build 2902112 on Wed May 27 22:43:36 MDT 2020
# Start of session at: Tue Nov 19 13:20:59 2024
# Process ID: 22584
# Current directory: C:/Users/Amn Naqvi/Desktop/joystick
# Command line: vivado.exe -gui_launcher_event rodinguilauncherevent32772 C:\Users\Amn Naqvi\Desktop\joystick\joystick.xpr
# Log file: C:/Users/Amn Naqvi/Desktop/joystick/vivado.log
# Journal file: C:/Users/Amn Naqvi/Desktop/joystick\vivado.jou
#-----------------------------------------------------------
start_gui
open_project {C:/Users/Amn Naqvi/Desktop/joystick/joystick.xpr}
Scanning sources...
Finished scanning sources
INFO: [IP_Flow 19-234] Refreshing IP repositories
INFO: [IP_Flow 19-1704] No user IP repositories specified
INFO: [IP_Flow 19-2313] Loaded Vivado IP repository 'C:/Xilinx/Vivado/2020.1/data/ip'.
open_project: Time (s): cpu = 00:00:05 ; elapsed = 00:00:06 . Memory (MB): peak = 1024.715 ; gain = 0.000
update_compile_order -fileset sources_1
reset_run synth_1
launch_runs synth_1 -jobs 6
[Tue Nov 19 13:29:55 2024] Launched synth_1...
Run output will be captured here: C:/Users/Amn Naqvi/Desktop/joystick/joystick.runs/synth_1/runme.log
reset_run synth_1
launch_runs synth_1 -jobs 6
[Tue Nov 19 13:35:07 2024] Launched synth_1...
Run output will be captured here: C:/Users/Amn Naqvi/Desktop/joystick/joystick.runs/synth_1/runme.log
launch_runs impl_1 -jobs 6
[Tue Nov 19 13:35:57 2024] Launched impl_1...
Run output will be captured here: C:/Users/Amn Naqvi/Desktop/joystick/joystick.runs/impl_1/runme.log
reset_run synth_1
launch_runs synth_1 -jobs 6
[Tue Nov 19 13:38:00 2024] Launched synth_1...
Run output will be captured here: C:/Users/Amn Naqvi/Desktop/joystick/joystick.runs/synth_1/runme.log
launch_runs impl_1 -jobs 6
[Tue Nov 19 13:38:55 2024] Launched impl_1...
Run output will be captured here: C:/Users/Amn Naqvi/Desktop/joystick/joystick.runs/impl_1/runme.log
launch_runs impl_1 -to_step write_bitstream -jobs 6
[Tue Nov 19 13:39:50 2024] Launched impl_1...
Run output will be captured here: C:/Users/Amn Naqvi/Desktop/joystick/joystick.runs/impl_1/runme.log
reset_run synth_1
launch_runs synth_1 -jobs 6
[Tue Nov 19 13:43:33 2024] Launched synth_1...
Run output will be captured here: C:/Users/Amn Naqvi/Desktop/joystick/joystick.runs/synth_1/runme.log
launch_runs impl_1 -jobs 6
[Tue Nov 19 13:44:21 2024] Launched impl_1...
Run output will be captured here: C:/Users/Amn Naqvi/Desktop/joystick/joystick.runs/impl_1/runme.log
reset_run synth_1
launch_runs synth_1 -jobs 6
[Tue Nov 19 13:47:55 2024] Launched synth_1...
Run output will be captured here: C:/Users/Amn Naqvi/Desktop/joystick/joystick.runs/synth_1/runme.log
launch_runs impl_1 -jobs 6
[Tue Nov 19 13:48:34 2024] Launched impl_1...
Run output will be captured here: C:/Users/Amn Naqvi/Desktop/joystick/joystick.runs/impl_1/runme.log
reset_run synth_1
launch_runs synth_1 -jobs 6
[Tue Nov 19 13:51:23 2024] Launched synth_1...
Run output will be captured here: C:/Users/Amn Naqvi/Desktop/joystick/joystick.runs/synth_1/runme.log
launch_runs impl_1 -jobs 6
[Tue Nov 19 13:52:01 2024] Launched impl_1...
Run output will be captured here: C:/Users/Amn Naqvi/Desktop/joystick/joystick.runs/impl_1/runme.log
reset_run synth_1
launch_runs synth_1 -jobs 6
[Tue Nov 19 13:56:03 2024] Launched synth_1...
Run output will be captured here: C:/Users/Amn Naqvi/Desktop/joystick/joystick.runs/synth_1/runme.log
launch_runs impl_1 -jobs 6
[Tue Nov 19 13:56:58 2024] Launched impl_1...
Run output will be captured here: C:/Users/Amn Naqvi/Desktop/joystick/joystick.runs/impl_1/runme.log
update_compile_order -fileset sources_1
exit
INFO: [Common 17-206] Exiting Vivado at Tue Nov 19 14:01:45 2024...
