#-----------------------------------------------------------
# Vivado v2020.1 (64-bit)
# SW Build 2902540 on Wed May 27 19:54:49 MDT 2020
# IP Build 2902112 on Wed May 27 22:43:36 MDT 2020
# Start of session at: Tue Nov 19 23:35:58 2024
# Process ID: 28336
# Current directory: C:/Users/Amn Naqvi/Desktop/joystick
# Command line: vivado.exe -gui_launcher_event rodinguilauncherevent47812 C:\Users\Amn Naqvi\Desktop\joystick\joystick.xpr
# Log file: C:/Users/Amn Naqvi/Desktop/joystick/vivado.log
# Journal file: C:/Users/Amn Naqvi/Desktop/joystick\vivado.jou
#-----------------------------------------------------------
start_gui
open_project {C:/Users/Amn Naqvi/Desktop/joystick/joystick.xpr}
Scanning sources...
Finished scanning sources
INFO: [IP_Flow 19-234] Refreshing IP repositories
INFO: [IP_Flow 19-1704] No user IP repositories specified
INFO: [IP_Flow 19-2313] Loaded Vivado IP repository 'C:/Xilinx/Vivado/2020.1/data/ip'.
open_project: Time (s): cpu = 00:00:07 ; elapsed = 00:00:09 . Memory (MB): peak = 1028.246 ; gain = 0.000
update_compile_order -fileset sources_1
exit
INFO: [Common 17-206] Exiting Vivado at Tue Nov 19 23:50:56 2024...
