#-----------------------------------------------------------
# Vivado v2020.1 (64-bit)
# SW Build 2902540 on Wed May 27 19:54:49 MDT 2020
# IP Build 2902112 on Wed May 27 22:43:36 MDT 2020
# Start of session at: Tue Nov 19 14:01:51 2024
# Process ID: 43024
# Current directory: C:/Users/Amn Naqvi/Desktop/joystick
# Command line: vivado.exe -gui_launcher_event rodinguilauncherevent41416 C:\Users\Amn Naqvi\Desktop\joystick\joystick.xpr
# Log file: C:/Users/Amn Naqvi/Desktop/joystick/vivado.log
# Journal file: C:/Users/Amn Naqvi/Desktop/joystick\vivado.jou
#-----------------------------------------------------------
start_gui
open_project {C:/Users/Amn Naqvi/Desktop/joystick/joystick.xpr}
CRITICAL WARNING: [Project 1-19] Could not find the file 'C:/Users/Amn Naqvi/Desktop/joystick/joystick.srcs/sources_1/new/JoystickReader.v'.
CRITICAL WARNING: [Project 1-19] Could not find the file 'C:/Users/Amn Naqvi/Desktop/joystick/joystick.srcs/constrs_1/new/JoystickReader.xdc'.
Scanning sources...
Finished scanning sources
INFO: [IP_Flow 19-234] Refreshing IP repositories
INFO: [IP_Flow 19-1704] No user IP repositories specified
INFO: [IP_Flow 19-2313] Loaded Vivado IP repository 'C:/Xilinx/Vivado/2020.1/data/ip'.
open_project: Time (s): cpu = 00:00:04 ; elapsed = 00:00:06 . Memory (MB): peak = 1029.969 ; gain = 0.000
update_compile_order -fileset sources_1
export_ip_user_files -of_objects  [get_files {{C:/Users/Amn Naqvi/Desktop/joystick/joystick.srcs/sources_1/new/JoystickReader.v}}] -no_script -reset -force -quiet
remove_files  {{C:/Users/Amn Naqvi/Desktop/joystick/joystick.srcs/sources_1/new/JoystickReader.v}}
export_ip_user_files -of_objects  [get_files {{C:/Users/Amn Naqvi/Desktop/joystick/joystick.srcs/constrs_1/new/JoystickReader.xdc}}] -no_script -reset -force -quiet
remove_files  -fileset constrs_1 {{C:/Users/Amn Naqvi/Desktop/joystick/joystick.srcs/constrs_1/new/JoystickReader.xdc}}
close [ open {C:/Users/Amn Naqvi/Desktop/joystick/joystick.srcs/sources_1/new/Basys3 JoystickReader.v} w ]
add_files {{C:/Users/Amn Naqvi/Desktop/joystick/joystick.srcs/sources_1/new/Basys3 JoystickReader.v}}
update_compile_order -fileset sources_1
update_compile_order -fileset sources_1
close [ open {C:/Users/Amn Naqvi/Desktop/joystick/joystick.srcs/constrs_1/new/Basys3 JoystickReader.xdc} w ]
add_files -fileset constrs_1 {{C:/Users/Amn Naqvi/Desktop/joystick/joystick.srcs/constrs_1/new/Basys3 JoystickReader.xdc}}
reset_run synth_1
launch_runs synth_1 -jobs 6
[Tue Nov 19 14:05:22 2024] Launched synth_1...
Run output will be captured here: C:/Users/Amn Naqvi/Desktop/joystick/joystick.runs/synth_1/runme.log
launch_runs impl_1 -jobs 6
[Tue Nov 19 14:06:10 2024] Launched impl_1...
Run output will be captured here: C:/Users/Amn Naqvi/Desktop/joystick/joystick.runs/impl_1/runme.log
exit
INFO: [Common 17-206] Exiting Vivado at Tue Nov 19 14:07:14 2024...
