#-----------------------------------------------------------
# Vivado v2020.1 (64-bit)
# SW Build 2902540 on Wed May 27 19:54:49 MDT 2020
# IP Build 2902112 on Wed May 27 22:43:36 MDT 2020
# Start of session at: Wed Dec 11 18:13:34 2024
# Process ID: 9224
# Current directory: C:/Users/Amn Naqvi/Desktop/main screen
# Command line: vivado.exe -gui_launcher_event rodinguilauncherevent13320 C:\Users\Amn Naqvi\Desktop\main screen\main screen.xpr
# Log file: C:/Users/Amn Naqvi/Desktop/main screen/vivado.log
# Journal file: C:/Users/Amn Naqvi/Desktop/main screen\vivado.jou
#-----------------------------------------------------------
start_gui
open_project {C:/Users/Amn Naqvi/Desktop/main screen/main screen.xpr}
Scanning sources...
Finished scanning sources
INFO: [IP_Flow 19-234] Refreshing IP repositories
INFO: [IP_Flow 19-1704] No user IP repositories specified
INFO: [IP_Flow 19-2313] Loaded Vivado IP repository 'C:/Xilinx/Vivado/2020.1/data/ip'.
open_project: Time (s): cpu = 00:00:03 ; elapsed = 00:00:08 . Memory (MB): peak = 1015.379 ; gain = 0.000
update_compile_order -fileset sources_1
launch_runs synth_1 -jobs 6
[Wed Dec 11 18:14:56 2024] Launched synth_1...
Run output will be captured here: C:/Users/Amn Naqvi/Desktop/main screen/main screen.runs/synth_1/runme.log
set_property top vga_display [current_fileset]
update_compile_order -fileset sources_1
reset_run synth_1
launch_runs synth_1 -jobs 6
[Wed Dec 11 18:16:17 2024] Launched synth_1...
Run output will be captured here: C:/Users/Amn Naqvi/Desktop/main screen/main screen.runs/synth_1/runme.log
reset_run synth_1
WARNING: [Vivado 12-1017] Problems encountered:
1. Failed to delete one or more files in run directory C:/Users/Amn Naqvi/Desktop/main screen/main screen.runs/synth_1

set_property top StartScreen [current_fileset]
update_compile_order -fileset sources_1
launch_runs impl_1 -to_step write_bitstream -jobs 6
[Wed Dec 11 18:18:17 2024] Launched synth_1...
Run output will be captured here: C:/Users/Amn Naqvi/Desktop/main screen/main screen.runs/synth_1/runme.log
[Wed Dec 11 18:18:17 2024] Launched impl_1...
Run output will be captured here: C:/Users/Amn Naqvi/Desktop/main screen/main screen.runs/impl_1/runme.log
reset_run synth_1
launch_runs impl_1 -to_step write_bitstream -jobs 6
[Wed Dec 11 18:37:54 2024] Launched synth_1...
Run output will be captured here: C:/Users/Amn Naqvi/Desktop/main screen/main screen.runs/synth_1/runme.log
[Wed Dec 11 18:37:54 2024] Launched impl_1...
Run output will be captured here: C:/Users/Amn Naqvi/Desktop/main screen/main screen.runs/impl_1/runme.log
exit
INFO: [Common 17-206] Exiting Vivado at Wed Dec 11 22:52:38 2024...
