#-----------------------------------------------------------
# Vivado v2020.1 (64-bit)
# SW Build 2902540 on Wed May 27 19:54:49 MDT 2020
# IP Build 2902112 on Wed May 27 22:43:36 MDT 2020
# Start of session at: Thu Dec 12 15:06:12 2024
# Process ID: 22472
# Current directory: C:/Users/Amn Naqvi/Desktop/Disaster-Strikes-Digital-Logic-Design-/main screen
# Command line: vivado.exe -gui_launcher_event rodinguilauncherevent21780 C:\Users\Amn Naqvi\Desktop\Disaster-Strikes-Digital-Logic-Design-\main screen\main screen.xpr
# Log file: C:/Users/Amn Naqvi/Desktop/Disaster-Strikes-Digital-Logic-Design-/main screen/vivado.log
# Journal file: C:/Users/Amn Naqvi/Desktop/Disaster-Strikes-Digital-Logic-Design-/main screen\vivado.jou
#-----------------------------------------------------------
start_gui
open_project {C:/Users/Amn Naqvi/Desktop/Disaster-Strikes-Digital-Logic-Design-/main screen/main screen.xpr}
INFO: [Project 1-313] Project file moved from 'C:/Users/Amn Naqvi/Desktop/main screen' since last save.
Scanning sources...
Finished scanning sources
INFO: [IP_Flow 19-234] Refreshing IP repositories
INFO: [IP_Flow 19-1704] No user IP repositories specified
INFO: [IP_Flow 19-2313] Loaded Vivado IP repository 'C:/Xilinx/Vivado/2020.1/data/ip'.
open_project: Time (s): cpu = 00:00:05 ; elapsed = 00:00:09 . Memory (MB): peak = 1024.828 ; gain = 0.000
exit
INFO: [Common 17-206] Exiting Vivado at Thu Dec 12 16:02:10 2024...
