#-----------------------------------------------------------
# Vivado v2020.1 (64-bit)
# SW Build 2902540 on Wed May 27 19:54:49 MDT 2020
# IP Build 2902112 on Wed May 27 22:43:36 MDT 2020
# Start of session at: Wed Dec 11 17:21:40 2024
# Process ID: 153236
# Current directory: C:/Users/Amn Naqvi/Desktop/main screen
# Command line: vivado.exe -gui_launcher_event rodinguilauncherevent157124 C:\Users\Amn Naqvi\Desktop\main screen\main screen.xpr
# Log file: C:/Users/Amn Naqvi/Desktop/main screen/vivado.log
# Journal file: C:/Users/Amn Naqvi/Desktop/main screen\vivado.jou
#-----------------------------------------------------------
start_gui
open_project {C:/Users/Amn Naqvi/Desktop/main screen/main screen.xpr}
Scanning sources...
Finished scanning sources
INFO: [IP_Flow 19-234] Refreshing IP repositories
INFO: [IP_Flow 19-1704] No user IP repositories specified
INFO: [IP_Flow 19-2313] Loaded Vivado IP repository 'C:/Xilinx/Vivado/2020.1/data/ip'.
open_project: Time (s): cpu = 00:00:03 ; elapsed = 00:00:06 . Memory (MB): peak = 1015.930 ; gain = 0.000
update_compile_order -fileset sources_1
reset_run synth_1
launch_runs impl_1 -to_step write_bitstream -jobs 6
[Wed Dec 11 17:22:41 2024] Launched synth_1...
Run output will be captured here: C:/Users/Amn Naqvi/Desktop/main screen/main screen.runs/synth_1/runme.log
[Wed Dec 11 17:22:42 2024] Launched impl_1...
Run output will be captured here: C:/Users/Amn Naqvi/Desktop/main screen/main screen.runs/impl_1/runme.log
reset_run synth_1
WARNING: [Vivado 12-1017] Problems encountered:
1. Failed to delete one or more files in run directory C:/Users/Amn Naqvi/Desktop/main screen/main screen.runs/synth_1

launch_runs impl_1 -to_step write_bitstream -jobs 6
[Wed Dec 11 17:24:28 2024] Launched synth_1...
Run output will be captured here: C:/Users/Amn Naqvi/Desktop/main screen/main screen.runs/synth_1/runme.log
[Wed Dec 11 17:24:28 2024] Launched impl_1...
Run output will be captured here: C:/Users/Amn Naqvi/Desktop/main screen/main screen.runs/impl_1/runme.log
reset_run synth_1
WARNING: [Vivado 12-1017] Problems encountered:
1. Failed to delete one or more files in run directory C:/Users/Amn Naqvi/Desktop/main screen/main screen.runs/synth_1

launch_runs impl_1 -to_step write_bitstream -jobs 6
[Wed Dec 11 17:33:20 2024] Launched synth_1...
Run output will be captured here: C:/Users/Amn Naqvi/Desktop/main screen/main screen.runs/synth_1/runme.log
[Wed Dec 11 17:33:20 2024] Launched impl_1...
Run output will be captured here: C:/Users/Amn Naqvi/Desktop/main screen/main screen.runs/impl_1/runme.log
reset_run synth_1
launch_runs synth_1 -jobs 6
[Wed Dec 11 17:38:50 2024] Launched synth_1...
Run output will be captured here: C:/Users/Amn Naqvi/Desktop/main screen/main screen.runs/synth_1/runme.log
reset_run synth_1
launch_runs impl_1 -to_step write_bitstream -jobs 6
[Wed Dec 11 17:43:17 2024] Launched synth_1...
Run output will be captured here: C:/Users/Amn Naqvi/Desktop/main screen/main screen.runs/synth_1/runme.log
[Wed Dec 11 17:43:17 2024] Launched impl_1...
Run output will be captured here: C:/Users/Amn Naqvi/Desktop/main screen/main screen.runs/impl_1/runme.log
update_compile_order -fileset sources_1
reset_run synth_1
launch_runs impl_1 -to_step write_bitstream -jobs 6
[Wed Dec 11 17:48:29 2024] Launched synth_1...
Run output will be captured here: C:/Users/Amn Naqvi/Desktop/main screen/main screen.runs/synth_1/runme.log
[Wed Dec 11 17:48:29 2024] Launched impl_1...
Run output will be captured here: C:/Users/Amn Naqvi/Desktop/main screen/main screen.runs/impl_1/runme.log
update_compile_order -fileset sources_1
reset_run synth_1
launch_runs impl_1 -to_step write_bitstream -jobs 6
[Wed Dec 11 17:49:36 2024] Launched synth_1...
Run output will be captured here: C:/Users/Amn Naqvi/Desktop/main screen/main screen.runs/synth_1/runme.log
[Wed Dec 11 17:49:36 2024] Launched impl_1...
Run output will be captured here: C:/Users/Amn Naqvi/Desktop/main screen/main screen.runs/impl_1/runme.log
reset_run synth_1
launch_runs impl_1 -to_step write_bitstream -jobs 6
[Wed Dec 11 17:51:13 2024] Launched synth_1...
Run output will be captured here: C:/Users/Amn Naqvi/Desktop/main screen/main screen.runs/synth_1/runme.log
[Wed Dec 11 17:51:13 2024] Launched impl_1...
Run output will be captured here: C:/Users/Amn Naqvi/Desktop/main screen/main screen.runs/impl_1/runme.log
reset_run synth_1
launch_runs impl_1 -to_step write_bitstream -jobs 6
[Wed Dec 11 17:57:46 2024] Launched synth_1...
Run output will be captured here: C:/Users/Amn Naqvi/Desktop/main screen/main screen.runs/synth_1/runme.log
[Wed Dec 11 17:57:46 2024] Launched impl_1...
Run output will be captured here: C:/Users/Amn Naqvi/Desktop/main screen/main screen.runs/impl_1/runme.log
reset_run synth_1
WARNING: [Vivado 12-1017] Problems encountered:
1. Failed to delete one or more files in run directory C:/Users/Amn Naqvi/Desktop/main screen/main screen.runs/synth_1

set_property top clk_div [current_fileset]
launch_runs synth_1 -jobs 6
[Wed Dec 11 18:08:48 2024] Launched synth_1...
Run output will be captured here: C:/Users/Amn Naqvi/Desktop/main screen/main screen.runs/synth_1/runme.log
reset_run synth_1
exit
INFO: [Common 17-206] Exiting Vivado at Wed Dec 11 18:09:52 2024...
