INFO: [VRFC 10-2263] Analyzing Verilog file "C:/Users/ms08752/SpaceForceX/SpaceForceX.srcs/sources_1/new/ascii_rom.v" into library xil_defaultlib
INFO: [VRFC 10-311] analyzing module ascii_rom
INFO: [VRFC 10-2263] Analyzing Verilog file "C:/Users/ms08752/SpaceForceX/SpaceForceX.srcs/sources_1/new/bullet_movement.v" into library xil_defaultlib
INFO: [VRFC 10-311] analyzing module bullet_movement
INFO: [VRFC 10-2263] Analyzing Verilog file "C:/Users/ms08752/SpaceForceX/SpaceForceX.srcs/sources_1/new/clk_div.v" into library xil_defaultlib
INFO: [VRFC 10-311] analyzing module clk_div
INFO: [VRFC 10-2263] Analyzing Verilog file "C:/Users/ms08752/SpaceForceX/SpaceForceX.srcs/sources_1/new/h_counter.v" into library xil_defaultlib
INFO: [VRFC 10-311] analyzing module h_counter
INFO: [VRFC 10-2263] Analyzing Verilog file "C:/Users/ms08752/SpaceForceX/SpaceForceX.srcs/sources_1/new/keyboard_1.v" into library xil_defaultlib
INFO: [VRFC 10-311] analyzing module keyboard_1
INFO: [VRFC 10-2263] Analyzing Verilog file "C:/Users/ms08752/SpaceForceX/SpaceForceX.srcs/sources_1/new/ps2_rx.v" into library xil_defaultlib
INFO: [VRFC 10-311] analyzing module ps2_rx
INFO: [VRFC 10-2263] Analyzing Verilog file "C:/Users/ms08752/SpaceForceX/SpaceForceX.srcs/sources_1/new/tank_control.v" into library xil_defaultlib
INFO: [VRFC 10-311] analyzing module tank_control
INFO: [VRFC 10-2263] Analyzing Verilog file "C:/Users/ms08752/SpaceForceX/SpaceForceX.srcs/sources_1/new/textGeneration.v" into library xil_defaultlib
INFO: [VRFC 10-311] analyzing module textGeneration
INFO: [VRFC 10-2263] Analyzing Verilog file "C:/Users/ms08752/SpaceForceX/SpaceForceX.srcs/sources_1/new/v_counter.v" into library xil_defaultlib
INFO: [VRFC 10-311] analyzing module v_counter
INFO: [VRFC 10-2263] Analyzing Verilog file "C:/Users/ms08752/SpaceForceX/SpaceForceX.srcs/sources_1/new/vga_sync.v" into library xil_defaultlib
INFO: [VRFC 10-311] analyzing module vga_sync
INFO: [VRFC 10-2263] Analyzing Verilog file "C:/Users/ms08752/SpaceForceX/SpaceForceX.srcs/sources_1/new/aliens_movement.v" into library xil_defaultlib
INFO: [VRFC 10-311] analyzing module TopLevelModule
INFO: [VRFC 10-2263] Analyzing Verilog file "C:/Users/ms08752/SpaceForceX/SpaceForceX.sim/sim_1/behav/xsim/glbl.v" into library xil_defaultlib
INFO: [VRFC 10-311] analyzing module glbl
