Copyright 1986-2020 Xilinx, Inc. All Rights Reserved.
-------------------------------------------------------------------------------------------
| Tool Version : Vivado v.2020.1 (win64) Build 2902540 Wed May 27 19:54:49 MDT 2020
| Date         : Fri Nov 29 16:47:33 2024
| Host         : Amn-Naqvi running 64-bit major release  (build 9200)
| Command      : report_control_sets -verbose -file TopLevelModule_control_sets_placed.rpt
| Design       : TopLevelModule
| Device       : xc7a35t
-------------------------------------------------------------------------------------------

Control Set Information

Table of Contents
-----------------
1. Summary
2. Histogram
3. Flip-Flop Distribution
4. Detailed Control Set Information

1. Summary
----------

+----------------------------------------------------------+-------+
|                          Status                          | Count |
+----------------------------------------------------------+-------+
| Total control sets                                       |    22 |
|    Minimum number of control sets                        |    22 |
|    Addition due to synthesis replication                 |     0 |
|    Addition due to physical synthesis replication        |     0 |
| Unused register locations in slices containing registers |   108 |
+----------------------------------------------------------+-------+
* Control sets can be merged at opt_design using control_set_merge or merge_equivalent_drivers
** Run report_qor_suggestions for automated merging and remapping suggestions


2. Histogram
------------

+--------------------+-------+
|       Fanout       | Count |
+--------------------+-------+
| Total control sets |    22 |
| >= 0 to < 4        |     3 |
| >= 4 to < 6        |     3 |
| >= 6 to < 8        |     1 |
| >= 8 to < 10       |     5 |
| >= 10 to < 12      |     4 |
| >= 12 to < 14      |     1 |
| >= 14 to < 16      |     0 |
| >= 16              |     5 |
+--------------------+-------+
* Control sets can be remapped at either synth_design or opt_design


3. Flip-Flop Distribution
-------------------------

+--------------+-----------------------+------------------------+-----------------+--------------+
| Clock Enable | Synchronous Set/Reset | Asynchronous Set/Reset | Total Registers | Total Slices |
+--------------+-----------------------+------------------------+-----------------+--------------+
| No           | No                    | No                     |              20 |           12 |
| No           | No                    | Yes                    |              16 |            6 |
| No           | Yes                   | No                     |              39 |           12 |
| Yes          | No                    | No                     |             114 |           41 |
| Yes          | No                    | Yes                    |              23 |            9 |
| Yes          | Yes                   | No                     |             120 |           48 |
+--------------+-----------------------+------------------------+-----------------+--------------+


4. Detailed Control Set Information
-----------------------------------

+-----------------------+--------------------------------------+--------------------------------------+------------------+----------------+--------------+
|      Clock Signal     |             Enable Signal            |           Set/Reset Signal           | Slice Load Count | Bel Load Count | Bels / Slice |
+-----------------------+--------------------------------------+--------------------------------------+------------------+----------------+--------------+
|  clk_IBUF_BUFG        |                                      |                                      |                1 |              2 |         2.00 |
|  clk_d_BUFG           |                                      | alienCtrl/h_count_reg[8]             |                1 |              3 |         3.00 |
|  clk_d_BUFG           | alienCtrl/move_counter               | alienCtrl/alien_y[3][2][3]_i_1_n_0   |                2 |              3 |         1.50 |
|  clk_IBUF_BUFG        | k1/ps2_receiver/n_next               | reset_IBUF                           |                2 |              4 |         2.00 |
|  clk_d_BUFG           |                                      | reset_IBUF                           |                2 |              4 |         2.00 |
|  clk_d_BUFG           |                                      | horizontalCounter/v_count_reg[9]     |                1 |              5 |         5.00 |
|  clk_d_BUFG           | alienCtrl/move_counter               | alienCtrl/alien_y[0][2][4]_i_1_n_0   |                4 |              6 |         1.50 |
|  clk_d_BUFG           | tankCtrl/tank_x[9]_i_1_n_0           |                                      |                5 |              8 |         1.60 |
|  verticalCounter/E[0] |                                      |                                      |                5 |              9 |         1.80 |
|  clk_IBUF_BUFG        | k1/ps2_receiver/rx_done_tick         | reset_IBUF                           |                4 |              9 |         2.25 |
|  clk_d_BUFG           |                                      |                                      |                6 |              9 |         1.50 |
|  clk_d_BUFG           | bulletCtrl/bullet_x[9]_i_1_n_0       | reset_IBUF                           |                5 |              9 |         1.80 |
|  clk_IBUF_BUFG        | k1/ps2_receiver/b_next               | reset_IBUF                           |                3 |             10 |         3.33 |
|  clk_d_BUFG           |                                      | horizontalCounter/h_count[9]_i_1_n_0 |                4 |             10 |         2.50 |
|  clk_d_BUFG           | bulletCtrl/bullet_y[9]_i_1_n_0       | reset_IBUF                           |                3 |             10 |         3.33 |
|  clk_d_BUFG           | horizontalCounter/E[0]               | verticalCounter/v_count[9]_i_1_n_0   |                4 |             10 |         2.50 |
|  clk_IBUF_BUFG        |                                      | reset_IBUF                           |                4 |             12 |         3.00 |
|  clk_d_BUFG           | alienCtrl/move_counter               | reset_IBUF                           |               14 |             20 |         1.43 |
|  clk_d_BUFG           | alienCtrl/current_state[0]           | alienCtrl/move_counter               |                5 |             20 |         4.00 |
|  clk_d_BUFG           |                                      | tankCtrl/move_counter[0]_i_1_n_0     |                6 |             21 |         3.50 |
|  clk_d_BUFG           | bulletCtrl/shot_cooldown[20]_i_1_n_0 | reset_IBUF                           |               11 |             42 |         3.82 |
|  clk_d_BUFG           | alienCtrl/move_counter               |                                      |               36 |            106 |         2.94 |
+-----------------------+--------------------------------------+--------------------------------------+------------------+----------------+--------------+


