#-----------------------------------------------------------
# Vivado v2020.1 (64-bit)
# SW Build 2902540 on Wed May 27 19:54:49 MDT 2020
# IP Build 2902112 on Wed May 27 22:43:36 MDT 2020
# Start of session at: Fri Nov 29 12:08:17 2024
# Process ID: 71812
# Current directory: C:/Users/Amn Naqvi/Desktop/Basys3-Joystick-Interfacing-main
# Command line: vivado.exe -gui_launcher_event rodinguilauncherevent43128 C:\Users\Amn Naqvi\Desktop\Basys3-Joystick-Interfacing-main\test.xpr
# Log file: C:/Users/Amn Naqvi/Desktop/Basys3-Joystick-Interfacing-main/vivado.log
# Journal file: C:/Users/Amn Naqvi/Desktop/Basys3-Joystick-Interfacing-main\vivado.jou
#-----------------------------------------------------------
start_gui
open_project {C:/Users/Amn Naqvi/Desktop/Basys3-Joystick-Interfacing-main/test.xpr}
INFO: [Project 1-313] Project file moved from 'D:/OneDrive - Habib University/HABIB/Semester-3/DLD/Labs/test' since last save.
Scanning sources...
Finished scanning sources
INFO: [IP_Flow 19-234] Refreshing IP repositories
INFO: [IP_Flow 19-1704] No user IP repositories specified
INFO: [IP_Flow 19-2313] Loaded Vivado IP repository 'C:/Xilinx/Vivado/2020.1/data/ip'.
WARNING: [IP_Flow 19-2162] IP 'xadc_wiz_0' is locked:
* IP definition 'XADC Wizard (3.0)' for IP 'xadc_wiz_0' (customized with software release 2015.1) has a newer minor version in the IP Catalog.
open_project: Time (s): cpu = 00:00:04 ; elapsed = 00:00:06 . Memory (MB): peak = 1025.230 ; gain = 0.000
update_compile_order -fileset sources_1
update_compile_order -fileset sources_1
update_compile_order -fileset sources_1
update_compile_order -fileset sources_1
file mkdir C:/Users/Amn Naqvi/Desktop/Basys3-Joystick-Interfacing-main/test.srcs/sources_1/new
can't create directory "C:/Users/Amn": permission denied
file mkdir C:/Users/Amn Naqvi/Desktop/Basys3-Joystick-Interfacing-main/test.srcs/sources_1/new
can't create directory "C:/Users/Amn": permission denied
file mkdir C:/Users/Amn Naqvi/Desktop/Basys3-Joystick-Interfacing-main/test.srcs/sources_1/new
can't create directory "C:/Users/Amn": permission denied
file mkdir C:/Users/Amn Naqvi/Desktop/Basys3-Joystick-Interfacing-main/test.srcs/sources_1/new
can't create directory "C:/Users/Amn": permission denied
file mkdir C:/Users/Amn Naqvi/Desktop/Basys3-Joystick-Interfacing-main/test.srcs/sources_1/new
can't create directory "C:/Users/Amn": permission denied
file mkdir C:/Users/Amn Naqvi/Desktop/Basys3-Joystick-Interfacing-main/test.srcs/sources_1/new
can't create directory "C:/Users/Amn": permission denied
file mkdir {C:/Users/Amn Naqvi/Desktop/Basys3-Joystick-Interfacing-main/test.srcs/sources_1/new}
close [ open {C:/Users/Amn Naqvi/Desktop/Basys3-Joystick-Interfacing-main/test.srcs/sources_1/new/Top_Level.v} w ]
add_files {{C:/Users/Amn Naqvi/Desktop/Basys3-Joystick-Interfacing-main/test.srcs/sources_1/new/Top_Level.v}}
update_compile_order -fileset sources_1
set_property top Top_Level [current_fileset]
update_compile_order -fileset sources_1
reset_run synth_1
launch_runs impl_1 -to_step write_bitstream -jobs 6
WARNING: [Vivado 12-4801] The synthesis checkpoint for IP 'C:/Users/Amn Naqvi/Desktop/Basys3-Joystick-Interfacing-main/test.srcs/sources_1/ip/xadc_wiz_0/xadc_wiz_0.xci' is available but stale and the IP is locked. An out-of-context (OOC) run will be created and/or launched, but synthesis may not be able to complete or could result in incorrect behavior.
Please select 'Report IP Status' from the 'Tools/Report' menu or run Tcl command 'report_ip_status' for more information.
WARNING: [Runs 36-337] The following IPs are either missing output products or output products are not up-to-date for Synthesis target. Since these IPs are locked, no update to the output products can be done. 
Please select 'Report IP Status' from the 'Tools/Report' menu or run Tcl command 'report_ip_status' for more information.
C:/Users/Amn Naqvi/Desktop/Basys3-Joystick-Interfacing-main/test.srcs/sources_1/ip/xadc_wiz_0/xadc_wiz_0.xci

[Fri Nov 29 12:33:08 2024] Launched synth_1...
Run output will be captured here: C:/Users/Amn Naqvi/Desktop/Basys3-Joystick-Interfacing-main/test.runs/synth_1/runme.log
[Fri Nov 29 12:33:08 2024] Launched impl_1...
Run output will be captured here: C:/Users/Amn Naqvi/Desktop/Basys3-Joystick-Interfacing-main/test.runs/impl_1/runme.log
reset_run synth_1
launch_runs impl_1 -to_step write_bitstream -jobs 6
WARNING: [Vivado 12-4801] The synthesis checkpoint for IP 'C:/Users/Amn Naqvi/Desktop/Basys3-Joystick-Interfacing-main/test.srcs/sources_1/ip/xadc_wiz_0/xadc_wiz_0.xci' is available but stale and the IP is locked. An out-of-context (OOC) run will be created and/or launched, but synthesis may not be able to complete or could result in incorrect behavior.
Please select 'Report IP Status' from the 'Tools/Report' menu or run Tcl command 'report_ip_status' for more information.
WARNING: [Runs 36-337] The following IPs are either missing output products or output products are not up-to-date for Synthesis target. Since these IPs are locked, no update to the output products can be done. 
Please select 'Report IP Status' from the 'Tools/Report' menu or run Tcl command 'report_ip_status' for more information.
C:/Users/Amn Naqvi/Desktop/Basys3-Joystick-Interfacing-main/test.srcs/sources_1/ip/xadc_wiz_0/xadc_wiz_0.xci

[Fri Nov 29 12:40:23 2024] Launched synth_1...
Run output will be captured here: C:/Users/Amn Naqvi/Desktop/Basys3-Joystick-Interfacing-main/test.runs/synth_1/runme.log
[Fri Nov 29 12:40:23 2024] Launched impl_1...
Run output will be captured here: C:/Users/Amn Naqvi/Desktop/Basys3-Joystick-Interfacing-main/test.runs/impl_1/runme.log
upgrade_ip -vlnv xilinx.com:ip:xadc_wiz:3.3 [get_ips  xadc_wiz_0] -log ip_upgrade.log
Upgrading 'xadc_wiz_0'
INFO: [Device 21-403] Loading part xc7a35tcpg236-1
INFO: [IP_Flow 19-1972] Upgraded xadc_wiz_0 from XADC Wizard 3.0 to XADC Wizard 3.3
WARNING: [IP_Flow 19-4697] Upgrade has added interface 'dclk_in' (xilinx.com:signal:clock:1.0)
WARNING: [IP_Flow 19-3670] Detected external interface differences while upgrading 'xadc_wiz_0'.
WARNING: [IP_Flow 19-5891] Detected address segment differences while upgrading 'xadc_wiz_0'. These changes may impact your design.
INFO: [IP_Flow 19-1686] Generating 'Instantiation Template' target for IP 'xadc_wiz_0'...
CRITICAL WARNING: [Coretcl 2-1279] The upgrade of 'xadc_wiz_0' has identified issues that may require user intervention. Please review the upgrade log 'c:/Users/Amn Naqvi/Desktop/Basys3-Joystick-Interfacing-main/ip_upgrade.log', and verify that the upgraded IP is correctly configured.
INFO: [Coretcl 2-1525] Wrote upgrade log to 'C:/Users/Amn Naqvi/Desktop/Basys3-Joystick-Interfacing-main/ip_upgrade.log'.
upgrade_ip: Time (s): cpu = 00:00:03 ; elapsed = 00:00:06 . Memory (MB): peak = 1115.191 ; gain = 89.961
export_ip_user_files -of_objects [get_ips xadc_wiz_0] -no_script -sync -force -quiet
convert_ips [get_files  {{C:/Users/Amn Naqvi/Desktop/Basys3-Joystick-Interfacing-main/test.srcs/sources_1/ip/xadc_wiz_0/xadc_wiz_0.xci}}]
INFO: [filemgmt 56-106] Converting IP 'xadc_wiz_0' into core container format.
INFO: [filemgmt 56-101] Creating core container 'C:/Users/Amn Naqvi/Desktop/Basys3-Joystick-Interfacing-main/test.srcs/sources_1/ip/xadc_wiz_0.xcix' for IP 'xadc_wiz_0'
ERROR: [Common 17-70] Application Exception: Could not remove the IP directory 'C:/Users/Amn Naqvi/Desktop/Basys3-Joystick-Interfacing-main/test.srcs/sources_1/ip/xadc_wiz_0'. Unable to convert to core container.
reset_run synth_1
launch_runs impl_1 -to_step write_bitstream -jobs 6
INFO: [IP_Flow 19-1686] Generating 'Synthesis' target for IP 'xadc_wiz_0'...
[Fri Nov 29 12:50:25 2024] Launched xadc_wiz_0_synth_1, synth_1...
Run output will be captured here:
xadc_wiz_0_synth_1: C:/Users/Amn Naqvi/Desktop/Basys3-Joystick-Interfacing-main/test.runs/xadc_wiz_0_synth_1/runme.log
synth_1: C:/Users/Amn Naqvi/Desktop/Basys3-Joystick-Interfacing-main/test.runs/synth_1/runme.log
[Fri Nov 29 12:50:25 2024] Launched impl_1...
Run output will be captured here: C:/Users/Amn Naqvi/Desktop/Basys3-Joystick-Interfacing-main/test.runs/impl_1/runme.log
reset_run synth_1
launch_runs impl_1 -to_step write_bitstream -jobs 6
[Fri Nov 29 12:54:48 2024] Launched synth_1...
Run output will be captured here: C:/Users/Amn Naqvi/Desktop/Basys3-Joystick-Interfacing-main/test.runs/synth_1/runme.log
[Fri Nov 29 12:54:48 2024] Launched impl_1...
Run output will be captured here: C:/Users/Amn Naqvi/Desktop/Basys3-Joystick-Interfacing-main/test.runs/impl_1/runme.log
open_hw_manager
connect_hw_server -allow_non_jtag
INFO: [Labtools 27-2285] Connecting to hw_server url TCP:localhost:3121
INFO: [Labtools 27-2222] Launching hw_server...
INFO: [Labtools 27-2221] Launch Output:

****** Xilinx hw_server v2020.1
  **** Build date : May 27 2020 at 20:24:38
    ** Copyright 1986-2020 Xilinx, Inc. All Rights Reserved.


INFO: [Labtools 27-3415] Connecting to cs_server url TCP:localhost:3042
INFO: [Labtools 27-3417] Launching cs_server...
INFO: [Labtools 27-2221] Launch Output:


****** Xilinx cs_server v2020.1.0
  **** Build date : May 14 2020-06:10:29
    ** Copyright 2017-2020 Xilinx, Inc. All Rights Reserved.



connect_hw_server: Time (s): cpu = 00:00:00 ; elapsed = 00:00:10 . Memory (MB): peak = 1153.762 ; gain = 4.594
open_hw_target
INFO: [Labtoolstcl 44-466] Opening hw_target localhost:3121/xilinx_tcf/Digilent/210183AF305FA
open_hw_target: Time (s): cpu = 00:00:04 ; elapsed = 00:00:06 . Memory (MB): peak = 2468.324 ; gain = 1314.562
set_property PROGRAM.FILE {C:/Users/Amn Naqvi/Desktop/Basys3-Joystick-Interfacing-main/test.runs/impl_1/Top_Level.bit} [get_hw_devices xc7a35t_0]
current_hw_device [get_hw_devices xc7a35t_0]
refresh_hw_device -update_hw_probes false [lindex [get_hw_devices xc7a35t_0] 0]
INFO: [Labtools 27-1434] Device xc7a35t (JTAG device index = 0) is programmed with a design that has no supported debug core(s) in it.
set_property PROBES.FILE {} [get_hw_devices xc7a35t_0]
set_property FULL_PROBES.FILE {} [get_hw_devices xc7a35t_0]
set_property PROGRAM.FILE {C:/Users/Amn Naqvi/Desktop/Basys3-Joystick-Interfacing-main/test.runs/impl_1/Top_Level.bit} [get_hw_devices xc7a35t_0]
program_hw_devices [get_hw_devices xc7a35t_0]
INFO: [Labtools 27-3164] End of startup status: HIGH
refresh_hw_device [lindex [get_hw_devices xc7a35t_0] 0]
INFO: [Labtools 27-1434] Device xc7a35t (JTAG device index = 0) is programmed with a design that has no supported debug core(s) in it.
close_hw_manager
reset_run synth_1
launch_runs impl_1 -to_step write_bitstream -jobs 6
[Fri Nov 29 13:08:55 2024] Launched synth_1...
Run output will be captured here: C:/Users/Amn Naqvi/Desktop/Basys3-Joystick-Interfacing-main/test.runs/synth_1/runme.log
[Fri Nov 29 13:08:55 2024] Launched impl_1...
Run output will be captured here: C:/Users/Amn Naqvi/Desktop/Basys3-Joystick-Interfacing-main/test.runs/impl_1/runme.log
open_hw_manager
connect_hw_server -allow_non_jtag
INFO: [Labtools 27-2285] Connecting to hw_server url TCP:localhost:3121
INFO: [Labtools 27-2222] Launching hw_server...
INFO: [Labtools 27-2221] Launch Output:

****** Xilinx hw_server v2020.1
  **** Build date : May 27 2020 at 20:24:38
    ** Copyright 1986-2020 Xilinx, Inc. All Rights Reserved.


INFO: [Labtools 27-3415] Connecting to cs_server url TCP:localhost:3042
INFO: [Labtools 27-3417] Launching cs_server...
INFO: [Labtools 27-2221] Launch Output:


****** Xilinx cs_server v2020.1.0
  **** Build date : May 14 2020-06:10:29
    ** Copyright 2017-2020 Xilinx, Inc. All Rights Reserved.



connect_hw_server: Time (s): cpu = 00:00:00 ; elapsed = 00:00:07 . Memory (MB): peak = 2504.340 ; gain = 0.000
disconnect_hw_server localhost:3121
connect_hw_server -allow_non_jtag
INFO: [Labtools 27-2285] Connecting to hw_server url TCP:localhost:3121
INFO: [Labtools 27-3415] Connecting to cs_server url TCP:localhost:3042
INFO: [Labtools 27-3414] Connected to existing cs_server.
open_hw_target
INFO: [Labtoolstcl 44-466] Opening hw_target localhost:3121/xilinx_tcf/Digilent/210183AF305FA
set_property PROGRAM.FILE {C:/Users/Amn Naqvi/Desktop/Basys3-Joystick-Interfacing-main/test.runs/impl_1/Top_Level.bit} [get_hw_devices xc7a35t_0]
current_hw_device [get_hw_devices xc7a35t_0]
refresh_hw_device -update_hw_probes false [lindex [get_hw_devices xc7a35t_0] 0]
INFO: [Labtools 27-1434] Device xc7a35t (JTAG device index = 0) is programmed with a design that has no supported debug core(s) in it.
set_property PROBES.FILE {} [get_hw_devices xc7a35t_0]
set_property FULL_PROBES.FILE {} [get_hw_devices xc7a35t_0]
set_property PROGRAM.FILE {C:/Users/Amn Naqvi/Desktop/Basys3-Joystick-Interfacing-main/test.runs/impl_1/Top_Level.bit} [get_hw_devices xc7a35t_0]
program_hw_devices [get_hw_devices xc7a35t_0]
INFO: [Labtools 27-3164] End of startup status: HIGH
refresh_hw_device [lindex [get_hw_devices xc7a35t_0] 0]
INFO: [Labtools 27-1434] Device xc7a35t (JTAG device index = 0) is programmed with a design that has no supported debug core(s) in it.
close_hw_manager
open_hw_manager
connect_hw_server -allow_non_jtag
INFO: [Labtools 27-2285] Connecting to hw_server url TCP:localhost:3121
INFO: [Labtools 27-2222] Launching hw_server...
INFO: [Labtools 27-2221] Launch Output:

****** Xilinx hw_server v2020.1
  **** Build date : May 27 2020 at 20:24:38
    ** Copyright 1986-2020 Xilinx, Inc. All Rights Reserved.


INFO: [Labtools 27-3415] Connecting to cs_server url TCP:localhost:3042
INFO: [Labtools 27-3417] Launching cs_server...
INFO: [Labtools 27-2221] Launch Output:


****** Xilinx cs_server v2020.1.0
  **** Build date : May 14 2020-06:10:29
    ** Copyright 2017-2020 Xilinx, Inc. All Rights Reserved.



connect_hw_server: Time (s): cpu = 00:00:01 ; elapsed = 00:00:08 . Memory (MB): peak = 2518.867 ; gain = 0.000
open_hw_target
INFO: [Labtoolstcl 44-466] Opening hw_target localhost:3121/xilinx_tcf/Digilent/210183AF305FA
set_property PROGRAM.FILE {C:/Users/Amn Naqvi/Desktop/Basys3-Joystick-Interfacing-main/test.runs/impl_1/Top_Level.bit} [get_hw_devices xc7a35t_0]
current_hw_device [get_hw_devices xc7a35t_0]
refresh_hw_device -update_hw_probes false [lindex [get_hw_devices xc7a35t_0] 0]
INFO: [Labtools 27-1434] Device xc7a35t (JTAG device index = 0) is programmed with a design that has no supported debug core(s) in it.
set_property PROBES.FILE {} [get_hw_devices xc7a35t_0]
set_property FULL_PROBES.FILE {} [get_hw_devices xc7a35t_0]
set_property PROGRAM.FILE {C:/Users/Amn Naqvi/Desktop/Basys3-Joystick-Interfacing-main/test.runs/impl_1/Top_Level.bit} [get_hw_devices xc7a35t_0]
program_hw_devices [get_hw_devices xc7a35t_0]
INFO: [Labtools 27-3164] End of startup status: HIGH
refresh_hw_device [lindex [get_hw_devices xc7a35t_0] 0]
INFO: [Labtools 27-1434] Device xc7a35t (JTAG device index = 0) is programmed with a design that has no supported debug core(s) in it.
ERROR: [Labtoolstcl 44-513] HW Target shutdown. Closing target: localhost:3121/xilinx_tcf/Digilent/210183AF305FA
close_hw_manager
reset_run synth_1
launch_runs impl_1 -to_step write_bitstream -jobs 6
[Fri Nov 29 13:23:53 2024] Launched synth_1...
Run output will be captured here: C:/Users/Amn Naqvi/Desktop/Basys3-Joystick-Interfacing-main/test.runs/synth_1/runme.log
[Fri Nov 29 13:23:53 2024] Launched impl_1...
Run output will be captured here: C:/Users/Amn Naqvi/Desktop/Basys3-Joystick-Interfacing-main/test.runs/impl_1/runme.log
open_hw_manager
exit
INFO: [Common 17-206] Exiting Vivado at Fri Nov 29 15:16:01 2024...
