#-----------------------------------------------------------
# Vivado v2020.1 (64-bit)
# SW Build 2902540 on Wed May 27 19:54:49 MDT 2020
# IP Build 2902112 on Wed May 27 22:43:36 MDT 2020
# Start of session at: Fri Nov 29 00:36:34 2024
# Process ID: 73924
# Current directory: C:/Users/Amn Naqvi/Desktop/Basys3-Joystick-Interfacing-main
# Command line: vivado.exe -gui_launcher_event rodinguilauncherevent67204 C:\Users\Amn Naqvi\Desktop\Basys3-Joystick-Interfacing-main\test.xpr
# Log file: C:/Users/Amn Naqvi/Desktop/Basys3-Joystick-Interfacing-main/vivado.log
# Journal file: C:/Users/Amn Naqvi/Desktop/Basys3-Joystick-Interfacing-main\vivado.jou
#-----------------------------------------------------------
start_gui
open_project {C:/Users/Amn Naqvi/Desktop/Basys3-Joystick-Interfacing-main/test.xpr}
INFO: [Project 1-313] Project file moved from 'D:/OneDrive - Habib University/HABIB/Semester-3/DLD/Labs/test' since last save.
Scanning sources...
Finished scanning sources
INFO: [IP_Flow 19-234] Refreshing IP repositories
INFO: [IP_Flow 19-1704] No user IP repositories specified
INFO: [IP_Flow 19-2313] Loaded Vivado IP repository 'C:/Xilinx/Vivado/2020.1/data/ip'.
WARNING: [IP_Flow 19-2162] IP 'xadc_wiz_0' is locked:
* IP definition 'XADC Wizard (3.0)' for IP 'xadc_wiz_0' (customized with software release 2015.1) has a newer minor version in the IP Catalog.
open_project: Time (s): cpu = 00:00:01 ; elapsed = 00:00:07 . Memory (MB): peak = 1016.430 ; gain = 0.000
update_compile_order -fileset sources_1
exit
INFO: [Common 17-206] Exiting Vivado at Fri Nov 29 00:43:07 2024...
